  SortingManager.cpp
C:\Users\João\Desktop\Estudo\1 MGC\Mini Projetos (C++)\SortingAlgorithms\SortingManager.cpp(20,15): warning C4244: 'argumento': conversão de 'time_t' para 'unsigned int', possível perda de dados
C:\Users\João\Desktop\Estudo\1 MGC\Mini Projetos (C++)\SortingAlgorithms\SortingManager.cpp(28,74): warning C4244: 'argumento': conversão de 'int' para 'T', possível perda de dados
          with
          [
              T=float
          ]
C:\Users\João\Desktop\Estudo\1 MGC\Mini Projetos (C++)\SortingAlgorithms\SortingManager.cpp(28,57): warning C4244: 'argumento': conversão de 'int' para 'T', possível perda de dados
          with
          [
              T=float
          ]
C:\Users\João\Desktop\Estudo\1 MGC\Mini Projetos (C++)\SortingAlgorithms\SortingManager.cpp(31,67): warning C4244: 'argumento': conversão de 'int' para 'float', possível perda de dados
C:\Users\João\Desktop\Estudo\1 MGC\Mini Projetos (C++)\SortingAlgorithms\SortingManager.cpp(31,37): warning C4244: 'argumento': conversão de 'int' para 'float', possível perda de dados
C:\Users\João\Desktop\Estudo\1 MGC\Mini Projetos (C++)\SortingAlgorithms\SortingManager.cpp(80,23): warning C4018: '<': incompatibilidade de signed/unsigned
C:\Users\João\Desktop\Estudo\1 MGC\Mini Projetos (C++)\SortingAlgorithms\SortingManager.cpp(82,31): warning C4018: '<': incompatibilidade de signed/unsigned
C:\Users\João\Desktop\Estudo\1 MGC\Mini Projetos (C++)\SortingAlgorithms\SortingManager.cpp(94,23): warning C4018: '<': incompatibilidade de signed/unsigned
C:\Users\João\Desktop\Estudo\1 MGC\Mini Projetos (C++)\SortingAlgorithms\SortingManager.cpp(95,27): warning C4018: '<': incompatibilidade de signed/unsigned
C:\Users\João\Desktop\Estudo\1 MGC\Mini Projetos (C++)\SortingAlgorithms\SortingManager.cpp(105,23): warning C4018: '<': incompatibilidade de signed/unsigned
C:\Users\João\Desktop\Estudo\1 MGC\Mini Projetos (C++)\SortingAlgorithms\SortingManager.cpp(169,23): warning C4018: '<': incompatibilidade de signed/unsigned
C:\Users\João\Desktop\Estudo\1 MGC\Mini Projetos (C++)\SortingAlgorithms\SortingManager.cpp(170,31): warning C4018: '<': incompatibilidade de signed/unsigned
C:\Users\João\Desktop\Estudo\1 MGC\Mini Projetos (C++)\SortingAlgorithms\SortingManager.cpp(184,92): warning C4018: '<': incompatibilidade de signed/unsigned
C:\Users\João\Desktop\Estudo\1 MGC\Mini Projetos (C++)\SortingAlgorithms\SortingManager.cpp(184,136): warning C4018: '<': incompatibilidade de signed/unsigned
C:\Users\João\Desktop\Estudo\1 MGC\Mini Projetos (C++)\SortingAlgorithms\SortingManager.cpp(203,31): warning C4244: '=': conversão de 'int' para 'T', possível perda de dados
          with
          [
              T=float
          ]
C:\Users\João\Desktop\Estudo\1 MGC\Mini Projetos (C++)\SortingAlgorithms\SortingManager.cpp(206,32): warning C4244: '=': conversão de 'int' para 'T', possível perda de dados
          with
          [
              T=float
          ]
C:\Users\João\Desktop\Estudo\1 MGC\Mini Projetos (C++)\SortingAlgorithms\SortingManager.cpp(229,53): warning C4018: '<': incompatibilidade de signed/unsigned
C:\Users\João\Desktop\Estudo\1 MGC\Mini Projetos (C++)\SortingAlgorithms\SortingManager.cpp(233,29): warning C4018: '<': incompatibilidade de signed/unsigned
C:\Users\João\Desktop\Estudo\1 MGC\Mini Projetos (C++)\SortingAlgorithms\SortingManager.cpp(241,35): warning C4244: '=': conversão de 'int' para 'T', possível perda de dados
          with
          [
              T=float
          ]
C:\Users\João\Desktop\Estudo\1 MGC\Mini Projetos (C++)\SortingAlgorithms\SortingManager.cpp(256,107): warning C4018: '<': incompatibilidade de signed/unsigned
C:\Users\João\Desktop\Estudo\1 MGC\Mini Projetos (C++)\SortingAlgorithms\SortingManager.cpp(256,156): warning C4018: '<': incompatibilidade de signed/unsigned
C:\Users\João\Desktop\Estudo\1 MGC\Mini Projetos (C++)\SortingAlgorithms\SortingManager.cpp(261,59): warning C4018: '<': incompatibilidade de signed/unsigned
C:\Users\João\Desktop\Estudo\1 MGC\Mini Projetos (C++)\SortingAlgorithms\SortingManager.cpp(261,92): warning C4018: '<': incompatibilidade de signed/unsigned
C:\Users\João\Desktop\Estudo\1 MGC\Mini Projetos (C++)\SortingAlgorithms\SortingManager.cpp(296,31): warning C4018: '<': incompatibilidade de signed/unsigned
C:\Users\João\Desktop\Estudo\1 MGC\Mini Projetos (C++)\SortingAlgorithms\SortingManager.cpp(309,23): warning C4018: '<': incompatibilidade de signed/unsigned
  SortingAlgorithms.vcxproj -> C:\Users\João\Desktop\Estudo\1 MGC\Mini Projetos (C++)\SortingAlgorithms\Debug\SortingAlgorithms.exe
